2020-12-09 16:27:14,330 [1] INFO  Microsoft.Hosting.Lifetime [(null)] - Application started. Press Ctrl+C to shut down.
2020-12-09 16:27:16,695 [1] INFO  Microsoft.Hosting.Lifetime [(null)] - Hosting environment: Development
2020-12-09 16:27:16,709 [1] INFO  Microsoft.Hosting.Lifetime [(null)] - Content root path: C:\Users\Meghana\source\repos\MedicineStockModule
2020-12-09 16:29:51,025 [15] INFO  MedicineStockModule.Controllers.MedicineStockController [(null)] - All the Medicine Stock from the Godown is getting retrived
2020-12-09 19:05:44,023 [1] INFO  Microsoft.Hosting.Lifetime [(null)] - Application started. Press Ctrl+C to shut down.
2020-12-09 19:05:44,414 [1] INFO  Microsoft.Hosting.Lifetime [(null)] - Hosting environment: Development
2020-12-09 19:05:44,422 [1] INFO  Microsoft.Hosting.Lifetime [(null)] - Content root path: C:\Users\Meghana\source\repos\MedicineStockModule
2020-12-09 19:06:09,034 [4] INFO  MedicineStockModule.Controllers.MedicineStockController [(null)] - All the Medicine Stock from the Godown are getting retrived
2020-12-09 19:06:24,414 [4] INFO  MedicineStockModule.Controllers.MedicineStockController [(null)] - All the Medicine Stock from the Godown are getting retrived
2020-12-10 13:42:10,158 [1] INFO  Microsoft.Hosting.Lifetime [(null)] - Application started. Press Ctrl+C to shut down.
2020-12-10 13:42:10,978 [1] INFO  Microsoft.Hosting.Lifetime [(null)] - Hosting environment: Development
2020-12-10 13:42:10,984 [1] INFO  Microsoft.Hosting.Lifetime [(null)] - Content root path: C:\Users\Meghana\source\repos\MedicineStockModule
2020-12-10 13:42:11,024 [10] INFO  MedicineStockModule.Controllers.MedicineStockInformationController [(null)] - All the Medicine Stock from the Godown are getting retrived
2020-12-11 16:10:35,755 [1] INFO  Microsoft.Hosting.Lifetime [(null)] - Application started. Press Ctrl+C to shut down.
2020-12-11 16:10:35,913 [1] INFO  Microsoft.Hosting.Lifetime [(null)] - Hosting environment: Development
2020-12-11 16:10:35,917 [1] INFO  Microsoft.Hosting.Lifetime [(null)] - Content root path: C:\Users\Meghana\source\repos\MedicineStockModule
2020-12-11 16:10:36,047 [5] INFO  MedicineStockModule.Controllers.MedicineStockInformationController [(null)] - All the Medicine Stock from the Godown are getting retrived
2020-12-11 17:42:26,858 [1] INFO  Microsoft.Hosting.Lifetime [(null)] - Application started. Press Ctrl+C to shut down.
2020-12-11 17:42:27,631 [1] INFO  Microsoft.Hosting.Lifetime [(null)] - Hosting environment: Development
2020-12-11 17:42:27,638 [1] INFO  Microsoft.Hosting.Lifetime [(null)] - Content root path: C:\Users\Meghana\source\repos\MedicineStockModule
2020-12-11 17:42:27,813 [5] INFO  MedicineStockModule.Providers.MedicineStockProvider [(null)] - Medicine Stock requested
2020-12-11 17:42:27,829 [5] INFO  MedicineStockModule.Providers.MedicineStockProvider [(null)] - Medicine Stock Retrived
2020-12-11 17:42:27,834 [5] INFO  MedicineStockModule.Controllers.MedicineStockInformationController [(null)] - Medicine Stock Retrived
2020-12-11 17:44:48,016 [14] INFO  MedicineStockModule.Providers.MedicineStockProvider [(null)] - Medicine Stock requested
2020-12-11 17:44:48,019 [14] INFO  MedicineStockModule.Providers.MedicineStockProvider [(null)] - Medicine Stock Retrived
2020-12-11 17:44:48,021 [14] INFO  MedicineStockModule.Controllers.MedicineStockInformationController [(null)] - Medicine Stock Retrived
2020-12-14 17:05:22,433 [1] INFO  Microsoft.Hosting.Lifetime [(null)] - Application started. Press Ctrl+C to shut down.
2020-12-14 17:05:23,299 [1] INFO  Microsoft.Hosting.Lifetime [(null)] - Hosting environment: Development
2020-12-14 17:05:23,311 [1] INFO  Microsoft.Hosting.Lifetime [(null)] - Content root path: C:\Users\Meghana\source\repos\MedicineStockModule
2020-12-14 17:05:23,419 [4] INFO  MedicineStockModule.Providers.MedicineStockProvider [(null)] - Medicine Stock requested
2020-12-14 17:05:23,470 [4] INFO  MedicineStockModule.Providers.MedicineStockProvider [(null)] - Medicine Stock Retrived
2020-12-14 17:05:23,479 [4] INFO  MedicineStockModule.Controllers.MedicineStockInformationController [(null)] - Medicine Stock Retrived
2020-12-15 00:13:10,233 [NonParallelWorker] INFO  MedicineStockModule.Controllers.MedicineStockInformationController [(null)] - Medicine Stock Retrived
2020-12-15 00:22:47,290 [NonParallelWorker] INFO  MedicineStockModule.Controllers.MedicineStockInformationController [(null)] - Medicine Stock Retrived
2020-12-17 21:11:06,530 [1] INFO  Microsoft.Hosting.Lifetime [(null)] - Application started. Press Ctrl+C to shut down.
2020-12-17 21:11:07,103 [1] INFO  Microsoft.Hosting.Lifetime [(null)] - Hosting environment: Development
2020-12-17 21:11:07,134 [1] INFO  Microsoft.Hosting.Lifetime [(null)] - Content root path: C:\Users\wasim\OneDrive\Desktop\MFPE Local\PharmacyMedicineSupplyManagement-1\MedicineStockModule
2020-12-17 21:11:07,728 [5] INFO  MedicineStockModule.Providers.MedicineStockProvider [(null)] - Medicine Stock requested
2020-12-17 21:11:07,746 [5] INFO  MedicineStockModule.Providers.MedicineStockProvider [(null)] - Medicine Stock Retrived
2020-12-17 21:11:07,754 [5] INFO  MedicineStockModule.Controllers.MedicineStockInformationController [(null)] - Medicine Stock Retrived
2020-12-17 21:11:48,588 [12] INFO  MedicineStockModule.Providers.MedicineStockProvider [(null)] - Medicine Stock requested
2020-12-17 21:11:48,609 [12] INFO  MedicineStockModule.Providers.MedicineStockProvider [(null)] - Medicine Stock Retrived
2020-12-17 21:11:48,612 [12] INFO  MedicineStockModule.Controllers.MedicineStockInformationController [(null)] - Medicine Stock Retrived
2020-12-17 21:11:58,439 [13] INFO  MedicineStockModule.Providers.MedicineStockProvider [(null)] - Medicine Stock requested
2020-12-17 21:11:58,441 [13] INFO  MedicineStockModule.Providers.MedicineStockProvider [(null)] - Medicine Stock Retrived
2020-12-17 21:11:58,442 [13] INFO  MedicineStockModule.Controllers.MedicineStockInformationController [(null)] - Medicine Stock Retrived
2020-12-17 21:12:02,126 [18] INFO  MedicineStockModule.Providers.MedicineStockProvider [(null)] - Medicine Stock requested
2020-12-17 21:12:02,128 [18] INFO  MedicineStockModule.Providers.MedicineStockProvider [(null)] - Medicine Stock Retrived
2020-12-17 21:12:02,131 [18] INFO  MedicineStockModule.Controllers.MedicineStockInformationController [(null)] - Medicine Stock Retrived
2020-12-17 21:12:02,476 [18] INFO  MedicineStockModule.Providers.MedicineStockProvider [(null)] - Medicine Stock requested
2020-12-17 21:12:02,478 [18] INFO  MedicineStockModule.Providers.MedicineStockProvider [(null)] - Medicine Stock Retrived
2020-12-17 21:12:02,482 [18] INFO  MedicineStockModule.Controllers.MedicineStockInformationController [(null)] - Medicine Stock Retrived
2020-12-17 21:12:02,515 [13] INFO  MedicineStockModule.Providers.MedicineStockProvider [(null)] - Medicine Stock requested
2020-12-17 21:12:02,517 [13] INFO  MedicineStockModule.Providers.MedicineStockProvider [(null)] - Medicine Stock Retrived
2020-12-17 21:12:02,519 [13] INFO  MedicineStockModule.Controllers.MedicineStockInformationController [(null)] - Medicine Stock Retrived
2020-12-17 21:12:02,551 [15] INFO  MedicineStockModule.Providers.MedicineStockProvider [(null)] - Medicine Stock requested
2020-12-17 21:12:02,551 [15] INFO  MedicineStockModule.Providers.MedicineStockProvider [(null)] - Medicine Stock Retrived
2020-12-17 21:12:02,552 [15] INFO  MedicineStockModule.Controllers.MedicineStockInformationController [(null)] - Medicine Stock Retrived
2020-12-17 21:12:02,629 [17] INFO  MedicineStockModule.Providers.MedicineStockProvider [(null)] - Medicine Stock requested
2020-12-17 21:12:02,630 [17] INFO  MedicineStockModule.Providers.MedicineStockProvider [(null)] - Medicine Stock Retrived
2020-12-17 21:12:02,632 [17] INFO  MedicineStockModule.Controllers.MedicineStockInformationController [(null)] - Medicine Stock Retrived
2020-12-17 21:13:41,495 [21] INFO  MedicineStockModule.Providers.MedicineStockProvider [(null)] - Medicine Stock requested
2020-12-17 21:13:41,498 [21] INFO  MedicineStockModule.Providers.MedicineStockProvider [(null)] - Medicine Stock Retrived
2020-12-17 21:13:41,504 [21] INFO  MedicineStockModule.Controllers.MedicineStockInformationController [(null)] - Medicine Stock Retrived
2020-12-17 21:16:30,544 [1] INFO  Microsoft.Hosting.Lifetime [(null)] - Application started. Press Ctrl+C to shut down.
2020-12-17 21:16:30,929 [1] INFO  Microsoft.Hosting.Lifetime [(null)] - Hosting environment: Development
2020-12-17 21:16:30,969 [1] INFO  Microsoft.Hosting.Lifetime [(null)] - Content root path: C:\Users\wasim\OneDrive\Desktop\MFPE Local\PharmacyMedicineSupplyManagement-1\MedicineStockModule
2020-12-17 21:16:31,564 [4] INFO  MedicineStockModule.Providers.MedicineStockProvider [(null)] - Medicine Stock requested
2020-12-17 21:16:31,594 [4] INFO  MedicineStockModule.Providers.MedicineStockProvider [(null)] - Medicine Stock Retrived
2020-12-17 21:16:31,602 [4] INFO  MedicineStockModule.Controllers.MedicineStockInformationController [(null)] - Medicine Stock Retrived
2020-12-17 21:19:51,561 [1] INFO  Microsoft.Hosting.Lifetime [(null)] - Application started. Press Ctrl+C to shut down.
2020-12-17 21:19:51,921 [1] INFO  Microsoft.Hosting.Lifetime [(null)] - Hosting environment: Development
2020-12-17 21:19:51,965 [1] INFO  Microsoft.Hosting.Lifetime [(null)] - Content root path: C:\Users\wasim\OneDrive\Desktop\MFPE Local\PharmacyMedicineSupplyManagement-1\MedicineStockModule
2020-12-17 21:19:52,177 [4] INFO  MedicineStockModule.Providers.MedicineStockProvider [(null)] - Medicine Stock requested
2020-12-17 21:19:52,194 [4] INFO  MedicineStockModule.Providers.MedicineStockProvider [(null)] - Medicine Stock Retrived
2020-12-17 21:19:52,202 [4] INFO  MedicineStockModule.Controllers.MedicineStockInformationController [(null)] - Medicine Stock Retrived
2020-12-18 00:30:23,662 [1] INFO  Microsoft.Hosting.Lifetime [(null)] - Application started. Press Ctrl+C to shut down.
2020-12-18 00:30:24,116 [1] INFO  Microsoft.Hosting.Lifetime [(null)] - Hosting environment: Development
2020-12-18 00:30:24,120 [1] INFO  Microsoft.Hosting.Lifetime [(null)] - Content root path: C:\Users\wasim\OneDrive\Desktop\MFPE Local\PharmacyMedicineSupplyManagement-1\MedicineStockModule
2020-12-18 00:30:24,539 [10] INFO  MedicineStockModule.Providers.MedicineStockProvider [(null)] - Medicine Stock requested
2020-12-18 00:30:24,680 [10] INFO  MedicineStockModule.Providers.MedicineStockProvider [(null)] - Medicine Stock Retrived
2020-12-18 00:30:24,683 [10] INFO  MedicineStockModule.Controllers.MedicineStockInformationController [(null)] - Medicine Stock Retrived
2020-12-18 00:39:21,079 [1] INFO  Microsoft.Hosting.Lifetime [(null)] - Application started. Press Ctrl+C to shut down.
2020-12-18 00:39:21,172 [1] INFO  Microsoft.Hosting.Lifetime [(null)] - Hosting environment: Development
2020-12-18 00:39:21,176 [1] INFO  Microsoft.Hosting.Lifetime [(null)] - Content root path: C:\Users\wasim\OneDrive\Desktop\MFPE Local\PharmacyMedicineSupplyManagement-1\MedicineStockModule
2020-12-18 00:39:21,300 [4] INFO  MedicineStockModule.Providers.MedicineStockProvider [(null)] - Medicine Stock requested
2020-12-18 00:39:21,308 [4] INFO  MedicineStockModule.Providers.MedicineStockProvider [(null)] - Medicine Stock Retrived
2020-12-18 00:39:21,311 [4] INFO  MedicineStockModule.Controllers.MedicineStockInformationController [(null)] - Medicine Stock Retrived
2020-12-18 01:20:58,799 [1] INFO  Microsoft.Hosting.Lifetime [(null)] - Application started. Press Ctrl+C to shut down.
2020-12-18 01:20:59,140 [1] INFO  Microsoft.Hosting.Lifetime [(null)] - Hosting environment: Development
2020-12-18 01:20:59,145 [1] INFO  Microsoft.Hosting.Lifetime [(null)] - Content root path: C:\Users\wasim\OneDrive\Desktop\MFPE Local\PharmacyMedicineSupplyManagement-1\MedicineStockModule
2020-12-18 01:20:59,325 [9] INFO  MedicineStockModule.Providers.MedicineStockProvider [(null)] - Medicine Stock requested
2020-12-18 01:20:59,339 [9] INFO  MedicineStockModule.Providers.MedicineStockProvider [(null)] - Medicine Stock Retrived
2020-12-18 01:20:59,343 [9] INFO  MedicineStockModule.Controllers.MedicineStockInformationController [(null)] - Medicine Stock Retrived
2020-12-18 01:24:08,627 [12] INFO  MedicineStockModule.Providers.MedicineStockProvider [(null)] - Medicine Stock requested
2020-12-18 01:24:08,629 [12] INFO  MedicineStockModule.Providers.MedicineStockProvider [(null)] - Medicine Stock Retrived
2020-12-18 01:24:08,631 [12] INFO  MedicineStockModule.Controllers.MedicineStockInformationController [(null)] - Medicine Stock Retrived
2020-12-18 01:31:01,354 [1] INFO  Microsoft.Hosting.Lifetime [(null)] - Application started. Press Ctrl+C to shut down.
2020-12-18 01:31:01,488 [1] INFO  Microsoft.Hosting.Lifetime [(null)] - Hosting environment: Development
2020-12-18 01:31:01,500 [1] INFO  Microsoft.Hosting.Lifetime [(null)] - Content root path: C:\Users\wasim\OneDrive\Desktop\MFPE Local\PharmacyMedicineSupplyManagement-1\MedicineStockModule
2020-12-18 01:31:01,768 [5] INFO  MedicineStockModule.Providers.MedicineStockProvider [(null)] - Medicine Stock requested
2020-12-18 01:31:01,784 [5] INFO  MedicineStockModule.Providers.MedicineStockProvider [(null)] - Medicine Stock Retrived
2020-12-18 01:31:01,792 [5] INFO  MedicineStockModule.Controllers.MedicineStockInformationController [(null)] - Medicine Stock Retrived
2020-12-18 01:50:51,857 [6] INFO  MedicineStockModule.Providers.MedicineStockProvider [(null)] - Medicine Stock requested
2020-12-18 01:50:51,858 [6] INFO  MedicineStockModule.Providers.MedicineStockProvider [(null)] - Medicine Stock Retrived
2020-12-18 01:50:51,860 [6] INFO  MedicineStockModule.Controllers.MedicineStockInformationController [(null)] - Medicine Stock Retrived
2020-12-18 02:01:39,650 [1] INFO  Microsoft.Hosting.Lifetime [(null)] - Application started. Press Ctrl+C to shut down.
2020-12-18 02:01:39,815 [1] INFO  Microsoft.Hosting.Lifetime [(null)] - Hosting environment: Development
2020-12-18 02:01:39,828 [1] INFO  Microsoft.Hosting.Lifetime [(null)] - Content root path: C:\Users\wasim\OneDrive\Desktop\MFPE Local\PharmacyMedicineSupplyManagement-1\MedicineStockModule
2020-12-18 02:01:40,061 [4] INFO  MedicineStockModule.Providers.MedicineStockProvider [(null)] - Medicine Stock requested
2020-12-18 02:01:40,080 [4] INFO  MedicineStockModule.Providers.MedicineStockProvider [(null)] - Medicine Stock Retrived
2020-12-18 02:01:40,087 [4] INFO  MedicineStockModule.Controllers.MedicineStockInformationController [(null)] - Medicine Stock Retrived
2020-12-18 02:13:05,864 [1] INFO  Microsoft.Hosting.Lifetime [(null)] - Application started. Press Ctrl+C to shut down.
2020-12-18 02:13:06,015 [1] INFO  Microsoft.Hosting.Lifetime [(null)] - Hosting environment: Development
2020-12-18 02:13:06,024 [1] INFO  Microsoft.Hosting.Lifetime [(null)] - Content root path: C:\Users\wasim\OneDrive\Desktop\MFPE Local\PharmacyMedicineSupplyManagement-1\MedicineStockModule
2020-12-18 02:13:06,266 [4] INFO  MedicineStockModule.Providers.MedicineStockProvider [(null)] - Medicine Stock requested
2020-12-18 02:13:06,281 [4] INFO  MedicineStockModule.Providers.MedicineStockProvider [(null)] - Medicine Stock Retrived
2020-12-18 02:13:06,292 [4] INFO  MedicineStockModule.Controllers.MedicineStockInformationController [(null)] - Medicine Stock Retrived
2020-12-18 02:13:26,345 [4] INFO  MedicineStockModule.Providers.MedicineStockProvider [(null)] - Medicine Stock requested
2020-12-18 02:13:26,351 [4] INFO  MedicineStockModule.Providers.MedicineStockProvider [(null)] - Medicine Stock Retrived
2020-12-18 02:13:26,353 [4] INFO  MedicineStockModule.Controllers.MedicineStockInformationController [(null)] - Medicine Stock Retrived
2020-12-18 02:13:31,587 [4] INFO  MedicineStockModule.Providers.MedicineStockProvider [(null)] - Medicine Stock requested
2020-12-18 02:13:31,589 [4] INFO  MedicineStockModule.Providers.MedicineStockProvider [(null)] - Medicine Stock Retrived
2020-12-18 02:13:31,591 [4] INFO  MedicineStockModule.Controllers.MedicineStockInformationController [(null)] - Medicine Stock Retrived
2020-12-18 02:13:31,824 [13] INFO  MedicineStockModule.Providers.MedicineStockProvider [(null)] - Medicine Stock requested
2020-12-18 02:13:31,826 [13] INFO  MedicineStockModule.Providers.MedicineStockProvider [(null)] - Medicine Stock Retrived
2020-12-18 02:13:31,827 [13] INFO  MedicineStockModule.Controllers.MedicineStockInformationController [(null)] - Medicine Stock Retrived
2020-12-18 02:13:31,871 [13] INFO  MedicineStockModule.Providers.MedicineStockProvider [(null)] - Medicine Stock requested
2020-12-18 02:13:31,872 [13] INFO  MedicineStockModule.Providers.MedicineStockProvider [(null)] - Medicine Stock Retrived
2020-12-18 02:13:31,873 [13] INFO  MedicineStockModule.Controllers.MedicineStockInformationController [(null)] - Medicine Stock Retrived
2020-12-18 02:13:31,898 [4] INFO  MedicineStockModule.Providers.MedicineStockProvider [(null)] - Medicine Stock requested
2020-12-18 02:13:31,899 [4] INFO  MedicineStockModule.Providers.MedicineStockProvider [(null)] - Medicine Stock Retrived
2020-12-18 02:13:31,900 [4] INFO  MedicineStockModule.Controllers.MedicineStockInformationController [(null)] - Medicine Stock Retrived
2020-12-18 02:13:31,968 [14] INFO  MedicineStockModule.Providers.MedicineStockProvider [(null)] - Medicine Stock requested
2020-12-18 02:13:31,969 [14] INFO  MedicineStockModule.Providers.MedicineStockProvider [(null)] - Medicine Stock Retrived
2020-12-18 02:13:31,970 [14] INFO  MedicineStockModule.Controllers.MedicineStockInformationController [(null)] - Medicine Stock Retrived
2020-12-18 02:13:51,514 [12] INFO  MedicineStockModule.Providers.MedicineStockProvider [(null)] - Medicine Stock requested
2020-12-18 02:13:51,516 [12] INFO  MedicineStockModule.Providers.MedicineStockProvider [(null)] - Medicine Stock Retrived
2020-12-18 02:13:51,521 [12] INFO  MedicineStockModule.Controllers.MedicineStockInformationController [(null)] - Medicine Stock Retrived
2020-12-18 02:32:53,846 [6] INFO  MedicineStockModule.Providers.MedicineStockProvider [(null)] - Medicine Stock requested
2020-12-18 02:32:53,848 [6] INFO  MedicineStockModule.Providers.MedicineStockProvider [(null)] - Medicine Stock Retrived
2020-12-18 02:32:53,850 [6] INFO  MedicineStockModule.Controllers.MedicineStockInformationController [(null)] - Medicine Stock Retrived
2020-12-18 09:20:23,580 [1] INFO  Microsoft.Hosting.Lifetime [(null)] - Application started. Press Ctrl+C to shut down.
2020-12-18 09:20:23,883 [1] INFO  Microsoft.Hosting.Lifetime [(null)] - Hosting environment: Development
2020-12-18 09:20:23,894 [1] INFO  Microsoft.Hosting.Lifetime [(null)] - Content root path: C:\Users\wasim\OneDrive\Desktop\MFPE Local\PharmacyMedicineSupplyManagement-1\MedicineStockModule
2020-12-18 09:20:24,212 [4] INFO  MedicineStockModule.Providers.MedicineStockProvider [(null)] - Medicine Stock requested
2020-12-18 09:20:24,227 [4] INFO  MedicineStockModule.Providers.MedicineStockProvider [(null)] - Medicine Stock Retrived
2020-12-18 09:20:24,232 [4] INFO  MedicineStockModule.Controllers.MedicineStockInformationController [(null)] - Medicine Stock Retrived
2020-12-18 09:24:43,324 [1] INFO  Microsoft.Hosting.Lifetime [(null)] - Application started. Press Ctrl+C to shut down.
2020-12-18 09:24:43,512 [1] INFO  Microsoft.Hosting.Lifetime [(null)] - Hosting environment: Development
2020-12-18 09:24:43,537 [1] INFO  Microsoft.Hosting.Lifetime [(null)] - Content root path: C:\Users\wasim\OneDrive\Desktop\MFPE Local\PharmacyMedicineSupplyManagement-1\MedicineStockModule
2020-12-18 09:24:43,791 [4] INFO  MedicineStockModule.Providers.MedicineStockProvider [(null)] - Medicine Stock requested
2020-12-18 09:24:43,808 [4] INFO  MedicineStockModule.Providers.MedicineStockProvider [(null)] - Medicine Stock Retrived
2020-12-18 09:24:43,818 [4] INFO  MedicineStockModule.Controllers.MedicineStockInformationController [(null)] - Medicine Stock Retrived
2020-12-18 09:24:58,685 [4] INFO  MedicineStockModule.Providers.MedicineStockProvider [(null)] - Medicine Stock requested
2020-12-18 09:24:58,694 [4] INFO  MedicineStockModule.Providers.MedicineStockProvider [(null)] - Medicine Stock Retrived
2020-12-18 09:24:58,696 [4] INFO  MedicineStockModule.Controllers.MedicineStockInformationController [(null)] - Medicine Stock Retrived
2020-12-18 09:25:18,371 [4] INFO  MedicineStockModule.Providers.MedicineStockProvider [(null)] - Medicine Stock requested
2020-12-18 09:25:18,372 [4] INFO  MedicineStockModule.Providers.MedicineStockProvider [(null)] - Medicine Stock Retrived
2020-12-18 09:25:18,374 [4] INFO  MedicineStockModule.Controllers.MedicineStockInformationController [(null)] - Medicine Stock Retrived
2020-12-18 09:25:18,582 [4] INFO  MedicineStockModule.Providers.MedicineStockProvider [(null)] - Medicine Stock requested
2020-12-18 09:25:18,584 [4] INFO  MedicineStockModule.Providers.MedicineStockProvider [(null)] - Medicine Stock Retrived
2020-12-18 09:25:18,587 [4] INFO  MedicineStockModule.Controllers.MedicineStockInformationController [(null)] - Medicine Stock Retrived
2020-12-18 09:25:18,613 [5] INFO  MedicineStockModule.Providers.MedicineStockProvider [(null)] - Medicine Stock requested
2020-12-18 09:25:18,614 [5] INFO  MedicineStockModule.Providers.MedicineStockProvider [(null)] - Medicine Stock Retrived
2020-12-18 09:25:18,615 [5] INFO  MedicineStockModule.Controllers.MedicineStockInformationController [(null)] - Medicine Stock Retrived
2020-12-18 09:25:18,703 [5] INFO  MedicineStockModule.Providers.MedicineStockProvider [(null)] - Medicine Stock requested
2020-12-18 09:25:18,703 [5] INFO  MedicineStockModule.Providers.MedicineStockProvider [(null)] - Medicine Stock Retrived
2020-12-18 09:25:18,704 [5] INFO  MedicineStockModule.Controllers.MedicineStockInformationController [(null)] - Medicine Stock Retrived
2020-12-18 09:25:18,714 [4] INFO  MedicineStockModule.Providers.MedicineStockProvider [(null)] - Medicine Stock requested
2020-12-18 09:25:18,715 [4] INFO  MedicineStockModule.Providers.MedicineStockProvider [(null)] - Medicine Stock Retrived
2020-12-18 09:25:18,716 [4] INFO  MedicineStockModule.Controllers.MedicineStockInformationController [(null)] - Medicine Stock Retrived
2020-12-18 09:25:37,966 [4] INFO  MedicineStockModule.Providers.MedicineStockProvider [(null)] - Medicine Stock requested
2020-12-18 09:25:37,969 [4] INFO  MedicineStockModule.Providers.MedicineStockProvider [(null)] - Medicine Stock Retrived
2020-12-18 09:25:37,971 [4] INFO  MedicineStockModule.Controllers.MedicineStockInformationController [(null)] - Medicine Stock Retrived
2020-12-18 09:28:21,901 [20] INFO  MedicineStockModule.Providers.MedicineStockProvider [(null)] - Medicine Stock requested
2020-12-18 09:28:21,903 [20] INFO  MedicineStockModule.Providers.MedicineStockProvider [(null)] - Medicine Stock Retrived
2020-12-18 09:28:21,908 [20] INFO  MedicineStockModule.Controllers.MedicineStockInformationController [(null)] - Medicine Stock Retrived
2020-12-18 09:34:37,077 [1] INFO  Microsoft.Hosting.Lifetime [(null)] - Application started. Press Ctrl+C to shut down.
2020-12-18 09:34:37,382 [1] INFO  Microsoft.Hosting.Lifetime [(null)] - Hosting environment: Development
2020-12-18 09:34:37,393 [1] INFO  Microsoft.Hosting.Lifetime [(null)] - Content root path: C:\Users\wasim\OneDrive\Desktop\MFPE Local\PharmacyMedicineSupplyManagement-1\MedicineStockModule
2020-12-18 09:34:37,554 [4] INFO  MedicineStockModule.Providers.MedicineStockProvider [(null)] - Medicine Stock requested
2020-12-18 09:34:37,571 [4] INFO  MedicineStockModule.Providers.MedicineStockProvider [(null)] - Medicine Stock Retrived
2020-12-18 09:34:37,577 [4] INFO  MedicineStockModule.Controllers.MedicineStockInformationController [(null)] - Medicine Stock Retrived
2020-12-18 09:35:52,872 [12] INFO  MedicineStockModule.Providers.MedicineStockProvider [(null)] - Medicine Stock requested
2020-12-18 09:35:52,880 [12] INFO  MedicineStockModule.Providers.MedicineStockProvider [(null)] - Medicine Stock Retrived
2020-12-18 09:35:52,881 [12] INFO  MedicineStockModule.Controllers.MedicineStockInformationController [(null)] - Medicine Stock Retrived
2020-12-18 09:36:34,768 [21] INFO  MedicineStockModule.Providers.MedicineStockProvider [(null)] - Medicine Stock requested
2020-12-18 09:36:34,769 [21] INFO  MedicineStockModule.Providers.MedicineStockProvider [(null)] - Medicine Stock Retrived
2020-12-18 09:36:34,772 [21] INFO  MedicineStockModule.Controllers.MedicineStockInformationController [(null)] - Medicine Stock Retrived
2020-12-18 09:36:34,970 [22] INFO  MedicineStockModule.Providers.MedicineStockProvider [(null)] - Medicine Stock requested
2020-12-18 09:36:34,971 [22] INFO  MedicineStockModule.Providers.MedicineStockProvider [(null)] - Medicine Stock Retrived
2020-12-18 09:36:34,973 [22] INFO  MedicineStockModule.Controllers.MedicineStockInformationController [(null)] - Medicine Stock Retrived
2020-12-18 09:38:30,496 [25] INFO  MedicineStockModule.Providers.MedicineStockProvider [(null)] - Medicine Stock requested
2020-12-18 09:38:30,498 [25] INFO  MedicineStockModule.Providers.MedicineStockProvider [(null)] - Medicine Stock Retrived
2020-12-18 09:38:30,500 [25] INFO  MedicineStockModule.Controllers.MedicineStockInformationController [(null)] - Medicine Stock Retrived
2020-12-18 09:44:23,523 [1] INFO  Microsoft.Hosting.Lifetime [(null)] - Application started. Press Ctrl+C to shut down.
2020-12-18 09:44:23,821 [1] INFO  Microsoft.Hosting.Lifetime [(null)] - Hosting environment: Development
2020-12-18 09:44:23,879 [1] INFO  Microsoft.Hosting.Lifetime [(null)] - Content root path: C:\Users\wasim\OneDrive\Desktop\MFPE Local\PharmacyMedicineSupplyManagement-1\MedicineStockModule
2020-12-18 09:44:24,206 [5] INFO  MedicineStockModule.Providers.MedicineStockProvider [(null)] - Medicine Stock requested
2020-12-18 09:44:24,232 [5] INFO  MedicineStockModule.Providers.MedicineStockProvider [(null)] - Medicine Stock Retrived
2020-12-18 09:44:24,238 [5] INFO  MedicineStockModule.Controllers.MedicineStockInformationController [(null)] - Medicine Stock Retrived
2020-12-18 09:45:05,234 [7] INFO  MedicineStockModule.Providers.MedicineStockProvider [(null)] - Medicine Stock requested
2020-12-18 09:45:05,243 [7] INFO  MedicineStockModule.Providers.MedicineStockProvider [(null)] - Medicine Stock Retrived
2020-12-18 09:45:05,246 [7] INFO  MedicineStockModule.Controllers.MedicineStockInformationController [(null)] - Medicine Stock Retrived
2020-12-18 09:45:22,256 [15] INFO  MedicineStockModule.Providers.MedicineStockProvider [(null)] - Medicine Stock requested
2020-12-18 09:45:22,258 [15] INFO  MedicineStockModule.Providers.MedicineStockProvider [(null)] - Medicine Stock Retrived
2020-12-18 09:45:22,259 [15] INFO  MedicineStockModule.Controllers.MedicineStockInformationController [(null)] - Medicine Stock Retrived
2020-12-18 09:45:28,430 [15] INFO  MedicineStockModule.Providers.MedicineStockProvider [(null)] - Medicine Stock requested
2020-12-18 09:45:28,431 [15] INFO  MedicineStockModule.Providers.MedicineStockProvider [(null)] - Medicine Stock Retrived
2020-12-18 09:45:28,432 [15] INFO  MedicineStockModule.Controllers.MedicineStockInformationController [(null)] - Medicine Stock Retrived
2020-12-18 09:45:28,624 [20] INFO  MedicineStockModule.Providers.MedicineStockProvider [(null)] - Medicine Stock requested
2020-12-18 09:45:28,624 [20] INFO  MedicineStockModule.Providers.MedicineStockProvider [(null)] - Medicine Stock Retrived
2020-12-18 09:45:28,625 [20] INFO  MedicineStockModule.Controllers.MedicineStockInformationController [(null)] - Medicine Stock Retrived
2020-12-18 09:45:28,647 [20] INFO  MedicineStockModule.Providers.MedicineStockProvider [(null)] - Medicine Stock requested
2020-12-18 09:45:28,647 [20] INFO  MedicineStockModule.Providers.MedicineStockProvider [(null)] - Medicine Stock Retrived
2020-12-18 09:45:28,648 [20] INFO  MedicineStockModule.Controllers.MedicineStockInformationController [(null)] - Medicine Stock Retrived
2020-12-18 09:45:28,663 [21] INFO  MedicineStockModule.Providers.MedicineStockProvider [(null)] - Medicine Stock requested
2020-12-18 09:45:28,664 [21] INFO  MedicineStockModule.Providers.MedicineStockProvider [(null)] - Medicine Stock Retrived
2020-12-18 09:45:28,664 [21] INFO  MedicineStockModule.Controllers.MedicineStockInformationController [(null)] - Medicine Stock Retrived
2020-12-18 09:45:28,673 [15] INFO  MedicineStockModule.Providers.MedicineStockProvider [(null)] - Medicine Stock requested
2020-12-18 09:45:28,674 [15] INFO  MedicineStockModule.Providers.MedicineStockProvider [(null)] - Medicine Stock Retrived
2020-12-18 09:45:28,674 [15] INFO  MedicineStockModule.Controllers.MedicineStockInformationController [(null)] - Medicine Stock Retrived
2020-12-18 09:45:41,420 [18] INFO  MedicineStockModule.Providers.MedicineStockProvider [(null)] - Medicine Stock requested
2020-12-18 09:45:41,423 [18] INFO  MedicineStockModule.Providers.MedicineStockProvider [(null)] - Medicine Stock Retrived
2020-12-18 09:45:41,428 [18] INFO  MedicineStockModule.Controllers.MedicineStockInformationController [(null)] - Medicine Stock Retrived
2020-12-18 09:45:42,918 [15] INFO  MedicineStockModule.Providers.MedicineStockProvider [(null)] - Medicine Stock requested
2020-12-18 09:45:42,920 [15] INFO  MedicineStockModule.Providers.MedicineStockProvider [(null)] - Medicine Stock Retrived
2020-12-18 09:45:42,920 [15] INFO  MedicineStockModule.Controllers.MedicineStockInformationController [(null)] - Medicine Stock Retrived
2020-12-18 09:45:42,933 [20] INFO  MedicineStockModule.Providers.MedicineStockProvider [(null)] - Medicine Stock requested
2020-12-18 09:45:42,933 [20] INFO  MedicineStockModule.Providers.MedicineStockProvider [(null)] - Medicine Stock Retrived
2020-12-18 09:45:42,934 [20] INFO  MedicineStockModule.Controllers.MedicineStockInformationController [(null)] - Medicine Stock Retrived
2020-12-18 09:45:42,944 [15] INFO  MedicineStockModule.Providers.MedicineStockProvider [(null)] - Medicine Stock requested
2020-12-18 09:45:42,945 [15] INFO  MedicineStockModule.Providers.MedicineStockProvider [(null)] - Medicine Stock Retrived
2020-12-18 09:45:42,946 [15] INFO  MedicineStockModule.Controllers.MedicineStockInformationController [(null)] - Medicine Stock Retrived
2020-12-18 09:45:43,011 [16] INFO  MedicineStockModule.Providers.MedicineStockProvider [(null)] - Medicine Stock requested
2020-12-18 09:45:43,011 [16] INFO  MedicineStockModule.Providers.MedicineStockProvider [(null)] - Medicine Stock Retrived
2020-12-18 09:45:43,012 [16] INFO  MedicineStockModule.Controllers.MedicineStockInformationController [(null)] - Medicine Stock Retrived
2020-12-18 09:45:43,024 [18] INFO  MedicineStockModule.Providers.MedicineStockProvider [(null)] - Medicine Stock requested
2020-12-18 09:45:43,025 [18] INFO  MedicineStockModule.Providers.MedicineStockProvider [(null)] - Medicine Stock Retrived
2020-12-18 09:45:43,026 [18] INFO  MedicineStockModule.Controllers.MedicineStockInformationController [(null)] - Medicine Stock Retrived
2020-12-18 09:55:18,298 [1] INFO  Microsoft.Hosting.Lifetime [(null)] - Application started. Press Ctrl+C to shut down.
2020-12-18 09:55:18,480 [1] INFO  Microsoft.Hosting.Lifetime [(null)] - Hosting environment: Development
2020-12-18 09:55:18,494 [1] INFO  Microsoft.Hosting.Lifetime [(null)] - Content root path: C:\Users\wasim\OneDrive\Desktop\MFPE Local\PharmacyMedicineSupplyManagement-1\MedicineStockModule
2020-12-18 09:55:18,786 [4] INFO  MedicineStockModule.Providers.MedicineStockProvider [(null)] - Medicine Stock requested
2020-12-18 09:55:18,804 [4] INFO  MedicineStockModule.Providers.MedicineStockProvider [(null)] - Medicine Stock Retrived
2020-12-18 09:55:18,816 [4] INFO  MedicineStockModule.Controllers.MedicineStockInformationController [(null)] - Medicine Stock Retrived
2020-12-18 09:55:31,156 [11] INFO  MedicineStockModule.Providers.MedicineStockProvider [(null)] - Medicine Stock requested
2020-12-18 09:55:31,165 [11] INFO  MedicineStockModule.Providers.MedicineStockProvider [(null)] - Medicine Stock Retrived
2020-12-18 09:55:31,167 [11] INFO  MedicineStockModule.Controllers.MedicineStockInformationController [(null)] - Medicine Stock Retrived
2020-12-18 09:55:36,141 [4] INFO  MedicineStockModule.Providers.MedicineStockProvider [(null)] - Medicine Stock requested
2020-12-18 09:55:36,143 [4] INFO  MedicineStockModule.Providers.MedicineStockProvider [(null)] - Medicine Stock Retrived
2020-12-18 09:55:36,144 [4] INFO  MedicineStockModule.Controllers.MedicineStockInformationController [(null)] - Medicine Stock Retrived
2020-12-18 09:55:36,341 [11] INFO  MedicineStockModule.Providers.MedicineStockProvider [(null)] - Medicine Stock requested
2020-12-18 09:55:36,342 [11] INFO  MedicineStockModule.Providers.MedicineStockProvider [(null)] - Medicine Stock Retrived
2020-12-18 09:55:36,343 [11] INFO  MedicineStockModule.Controllers.MedicineStockInformationController [(null)] - Medicine Stock Retrived
2020-12-18 09:55:36,369 [4] INFO  MedicineStockModule.Providers.MedicineStockProvider [(null)] - Medicine Stock requested
2020-12-18 09:55:36,371 [4] INFO  MedicineStockModule.Providers.MedicineStockProvider [(null)] - Medicine Stock Retrived
2020-12-18 09:55:36,372 [4] INFO  MedicineStockModule.Controllers.MedicineStockInformationController [(null)] - Medicine Stock Retrived
2020-12-18 09:55:36,384 [4] INFO  MedicineStockModule.Providers.MedicineStockProvider [(null)] - Medicine Stock requested
2020-12-18 09:55:36,385 [4] INFO  MedicineStockModule.Providers.MedicineStockProvider [(null)] - Medicine Stock Retrived
2020-12-18 09:55:36,387 [4] INFO  MedicineStockModule.Controllers.MedicineStockInformationController [(null)] - Medicine Stock Retrived
2020-12-18 09:55:36,397 [4] INFO  MedicineStockModule.Providers.MedicineStockProvider [(null)] - Medicine Stock requested
2020-12-18 09:55:36,398 [4] INFO  MedicineStockModule.Providers.MedicineStockProvider [(null)] - Medicine Stock Retrived
2020-12-18 09:55:36,399 [4] INFO  MedicineStockModule.Controllers.MedicineStockInformationController [(null)] - Medicine Stock Retrived
2020-12-18 09:56:45,071 [1] INFO  Microsoft.Hosting.Lifetime [(null)] - Application started. Press Ctrl+C to shut down.
2020-12-18 09:56:45,335 [1] INFO  Microsoft.Hosting.Lifetime [(null)] - Hosting environment: Development
2020-12-18 09:56:45,353 [1] INFO  Microsoft.Hosting.Lifetime [(null)] - Content root path: C:\Users\wasim\OneDrive\Desktop\MFPE Local\PharmacyMedicineSupplyManagement-1\MedicineStockModule
2020-12-18 09:56:45,684 [10] INFO  MedicineStockModule.Providers.MedicineStockProvider [(null)] - Medicine Stock requested
2020-12-18 09:56:45,698 [10] INFO  MedicineStockModule.Providers.MedicineStockProvider [(null)] - Medicine Stock Retrived
2020-12-18 09:56:45,709 [10] INFO  MedicineStockModule.Controllers.MedicineStockInformationController [(null)] - Medicine Stock Retrived
2020-12-18 09:59:27,477 [12] INFO  MedicineStockModule.Providers.MedicineStockProvider [(null)] - Medicine Stock requested
2020-12-18 09:59:27,482 [12] INFO  MedicineStockModule.Providers.MedicineStockProvider [(null)] - Medicine Stock Retrived
2020-12-18 09:59:27,511 [12] INFO  MedicineStockModule.Controllers.MedicineStockInformationController [(null)] - Medicine Stock Retrived
2020-12-18 09:59:40,572 [12] INFO  MedicineStockModule.Providers.MedicineStockProvider [(null)] - Medicine Stock requested
2020-12-18 09:59:40,573 [12] INFO  MedicineStockModule.Providers.MedicineStockProvider [(null)] - Medicine Stock Retrived
2020-12-18 09:59:40,575 [12] INFO  MedicineStockModule.Controllers.MedicineStockInformationController [(null)] - Medicine Stock Retrived
2020-12-18 09:59:47,910 [12] INFO  MedicineStockModule.Providers.MedicineStockProvider [(null)] - Medicine Stock requested
2020-12-18 09:59:47,911 [12] INFO  MedicineStockModule.Providers.MedicineStockProvider [(null)] - Medicine Stock Retrived
2020-12-18 09:59:47,912 [12] INFO  MedicineStockModule.Controllers.MedicineStockInformationController [(null)] - Medicine Stock Retrived
2020-12-18 10:00:56,374 [1] INFO  Microsoft.Hosting.Lifetime [(null)] - Application started. Press Ctrl+C to shut down.
2020-12-18 10:00:56,668 [1] INFO  Microsoft.Hosting.Lifetime [(null)] - Hosting environment: Development
2020-12-18 10:00:56,699 [1] INFO  Microsoft.Hosting.Lifetime [(null)] - Content root path: C:\Users\wasim\OneDrive\Desktop\MFPE Local\PharmacyMedicineSupplyManagement-1\MedicineStockModule
2020-12-18 10:00:57,012 [4] INFO  MedicineStockModule.Providers.MedicineStockProvider [(null)] - Medicine Stock requested
2020-12-18 10:00:57,028 [4] INFO  MedicineStockModule.Providers.MedicineStockProvider [(null)] - Medicine Stock Retrived
2020-12-18 10:00:57,035 [4] INFO  MedicineStockModule.Controllers.MedicineStockInformationController [(null)] - Medicine Stock Retrived
2020-12-18 10:01:11,000 [4] INFO  MedicineStockModule.Providers.MedicineStockProvider [(null)] - Medicine Stock requested
2020-12-18 10:01:11,002 [4] INFO  MedicineStockModule.Providers.MedicineStockProvider [(null)] - Medicine Stock Retrived
2020-12-18 10:01:11,004 [4] INFO  MedicineStockModule.Controllers.MedicineStockInformationController [(null)] - Medicine Stock Retrived
2020-12-18 10:01:45,803 [17] INFO  MedicineStockModule.Providers.MedicineStockProvider [(null)] - Medicine Stock requested
2020-12-18 10:01:45,805 [17] INFO  MedicineStockModule.Providers.MedicineStockProvider [(null)] - Medicine Stock Retrived
2020-12-18 10:01:45,806 [17] INFO  MedicineStockModule.Controllers.MedicineStockInformationController [(null)] - Medicine Stock Retrived
2020-12-18 10:01:46,087 [18] INFO  MedicineStockModule.Providers.MedicineStockProvider [(null)] - Medicine Stock requested
2020-12-18 10:01:46,089 [18] INFO  MedicineStockModule.Providers.MedicineStockProvider [(null)] - Medicine Stock Retrived
2020-12-18 10:01:46,090 [18] INFO  MedicineStockModule.Controllers.MedicineStockInformationController [(null)] - Medicine Stock Retrived
2020-12-18 10:01:46,121 [19] INFO  MedicineStockModule.Providers.MedicineStockProvider [(null)] - Medicine Stock requested
2020-12-18 10:01:46,122 [19] INFO  MedicineStockModule.Providers.MedicineStockProvider [(null)] - Medicine Stock Retrived
2020-12-18 10:01:46,124 [19] INFO  MedicineStockModule.Controllers.MedicineStockInformationController [(null)] - Medicine Stock Retrived
2020-12-18 10:03:35,654 [1] INFO  Microsoft.Hosting.Lifetime [(null)] - Application started. Press Ctrl+C to shut down.
2020-12-18 10:03:35,761 [1] INFO  Microsoft.Hosting.Lifetime [(null)] - Hosting environment: Development
2020-12-18 10:03:35,768 [1] INFO  Microsoft.Hosting.Lifetime [(null)] - Content root path: C:\Users\wasim\OneDrive\Desktop\MFPE Local\PharmacyMedicineSupplyManagement-1\MedicineStockModule
2020-12-18 10:03:35,921 [4] INFO  MedicineStockModule.Providers.MedicineStockProvider [(null)] - Medicine Stock requested
2020-12-18 10:03:35,937 [4] INFO  MedicineStockModule.Providers.MedicineStockProvider [(null)] - Medicine Stock Retrived
2020-12-18 10:03:35,941 [4] INFO  MedicineStockModule.Controllers.MedicineStockInformationController [(null)] - Medicine Stock Retrived
2020-12-18 10:09:22,780 [1] INFO  Microsoft.Hosting.Lifetime [(null)] - Application started. Press Ctrl+C to shut down.
2020-12-18 10:09:23,460 [1] INFO  Microsoft.Hosting.Lifetime [(null)] - Hosting environment: Development
2020-12-18 10:09:23,523 [1] INFO  Microsoft.Hosting.Lifetime [(null)] - Content root path: C:\Users\wasim\OneDrive\Desktop\MFPE Local\PharmacyMedicineSupplyManagement-1\MedicineStockModule
2020-12-18 10:09:24,011 [10] INFO  MedicineStockModule.Providers.MedicineStockProvider [(null)] - Medicine Stock requested
2020-12-18 10:09:24,092 [10] INFO  MedicineStockModule.Providers.MedicineStockProvider [(null)] - Medicine Stock Retrived
2020-12-18 10:09:24,103 [10] INFO  MedicineStockModule.Controllers.MedicineStockInformationController [(null)] - Medicine Stock Retrived
2020-12-18 10:11:27,478 [12] INFO  MedicineStockModule.Providers.MedicineStockProvider [(null)] - Medicine Stock requested
2020-12-18 10:11:27,485 [12] INFO  MedicineStockModule.Providers.MedicineStockProvider [(null)] - Medicine Stock Retrived
2020-12-18 10:11:27,487 [12] INFO  MedicineStockModule.Controllers.MedicineStockInformationController [(null)] - Medicine Stock Retrived
2020-12-18 10:11:45,673 [17] INFO  MedicineStockModule.Providers.MedicineStockProvider [(null)] - Medicine Stock requested
2020-12-18 10:11:45,674 [17] INFO  MedicineStockModule.Providers.MedicineStockProvider [(null)] - Medicine Stock Retrived
2020-12-18 10:11:45,676 [17] INFO  MedicineStockModule.Controllers.MedicineStockInformationController [(null)] - Medicine Stock Retrived
2020-12-18 10:32:07,649 [1] INFO  Microsoft.Hosting.Lifetime [(null)] - Application started. Press Ctrl+C to shut down.
2020-12-18 10:32:07,967 [1] INFO  Microsoft.Hosting.Lifetime [(null)] - Hosting environment: Development
2020-12-18 10:32:07,974 [1] INFO  Microsoft.Hosting.Lifetime [(null)] - Content root path: C:\Users\wasim\OneDrive\Desktop\MFPE Local\PharmacyMedicineSupplyManagement-1\MedicineStockModule
2020-12-18 10:32:08,533 [4] INFO  MedicineStockModule.Providers.MedicineStockProvider [(null)] - Medicine Stock requested
2020-12-18 10:32:08,591 [4] INFO  MedicineStockModule.Providers.MedicineStockProvider [(null)] - Medicine Stock Retrived
2020-12-18 10:32:08,597 [4] INFO  MedicineStockModule.Controllers.MedicineStockInformationController [(null)] - Medicine Stock Retrived
2020-12-18 10:33:23,886 [10] INFO  MedicineStockModule.Providers.MedicineStockProvider [(null)] - Medicine Stock requested
2020-12-18 10:33:23,888 [10] INFO  MedicineStockModule.Providers.MedicineStockProvider [(null)] - Medicine Stock Retrived
2020-12-18 10:33:23,890 [10] INFO  MedicineStockModule.Controllers.MedicineStockInformationController [(null)] - Medicine Stock Retrived
2020-12-18 10:33:31,734 [5] INFO  MedicineStockModule.Providers.MedicineStockProvider [(null)] - Medicine Stock requested
2020-12-18 10:33:31,736 [5] INFO  MedicineStockModule.Providers.MedicineStockProvider [(null)] - Medicine Stock Retrived
2020-12-18 10:33:31,738 [5] INFO  MedicineStockModule.Controllers.MedicineStockInformationController [(null)] - Medicine Stock Retrived
2020-12-18 10:33:52,074 [10] INFO  MedicineStockModule.Providers.MedicineStockProvider [(null)] - Medicine Stock requested
2020-12-18 10:33:52,076 [10] INFO  MedicineStockModule.Providers.MedicineStockProvider [(null)] - Medicine Stock Retrived
2020-12-18 10:33:52,079 [10] INFO  MedicineStockModule.Controllers.MedicineStockInformationController [(null)] - Medicine Stock Retrived
2020-12-18 11:14:46,220 [1] INFO  Microsoft.Hosting.Lifetime [(null)] - Application started. Press Ctrl+C to shut down.
2020-12-18 11:14:46,426 [1] INFO  Microsoft.Hosting.Lifetime [(null)] - Hosting environment: Development
2020-12-18 11:14:46,433 [1] INFO  Microsoft.Hosting.Lifetime [(null)] - Content root path: C:\Users\wasim\OneDrive\Desktop\MFPE Local\PharmacyMedicineSupplyManagement-1\MedicineStockModule
2020-12-18 11:14:46,750 [4] INFO  MedicineStockModule.Providers.MedicineStockProvider [(null)] - Medicine Stock requested
2020-12-18 11:14:46,864 [4] INFO  MedicineStockModule.Providers.MedicineStockProvider [(null)] - Medicine Stock Retrived
2020-12-18 11:14:46,867 [4] INFO  MedicineStockModule.Controllers.MedicineStockInformationController [(null)] - Medicine Stock Retrived
2020-12-18 11:15:10,796 [11] INFO  MedicineStockModule.Providers.MedicineStockProvider [(null)] - Medicine Stock requested
2020-12-18 11:15:10,798 [11] INFO  MedicineStockModule.Providers.MedicineStockProvider [(null)] - Medicine Stock Retrived
2020-12-18 11:15:10,799 [11] INFO  MedicineStockModule.Controllers.MedicineStockInformationController [(null)] - Medicine Stock Retrived
2020-12-18 11:15:14,771 [17] INFO  MedicineStockModule.Providers.MedicineStockProvider [(null)] - Medicine Stock requested
2020-12-18 11:15:14,772 [17] INFO  MedicineStockModule.Providers.MedicineStockProvider [(null)] - Medicine Stock Retrived
2020-12-18 11:15:14,774 [17] INFO  MedicineStockModule.Controllers.MedicineStockInformationController [(null)] - Medicine Stock Retrived
2020-12-18 11:15:14,995 [14] INFO  MedicineStockModule.Providers.MedicineStockProvider [(null)] - Medicine Stock requested
2020-12-18 11:15:14,996 [14] INFO  MedicineStockModule.Providers.MedicineStockProvider [(null)] - Medicine Stock Retrived
2020-12-18 11:15:14,997 [14] INFO  MedicineStockModule.Controllers.MedicineStockInformationController [(null)] - Medicine Stock Retrived
2020-12-18 11:15:15,008 [10] INFO  MedicineStockModule.Providers.MedicineStockProvider [(null)] - Medicine Stock requested
2020-12-18 11:15:15,009 [10] INFO  MedicineStockModule.Providers.MedicineStockProvider [(null)] - Medicine Stock Retrived
2020-12-18 11:15:15,011 [10] INFO  MedicineStockModule.Controllers.MedicineStockInformationController [(null)] - Medicine Stock Retrived
2020-12-18 11:15:15,025 [13] INFO  MedicineStockModule.Providers.MedicineStockProvider [(null)] - Medicine Stock requested
2020-12-18 11:15:15,025 [13] INFO  MedicineStockModule.Providers.MedicineStockProvider [(null)] - Medicine Stock Retrived
2020-12-18 11:15:15,026 [13] INFO  MedicineStockModule.Controllers.MedicineStockInformationController [(null)] - Medicine Stock Retrived
2020-12-18 11:15:15,035 [10] INFO  MedicineStockModule.Providers.MedicineStockProvider [(null)] - Medicine Stock requested
2020-12-18 11:15:15,036 [10] INFO  MedicineStockModule.Providers.MedicineStockProvider [(null)] - Medicine Stock Retrived
2020-12-18 11:15:15,037 [10] INFO  MedicineStockModule.Controllers.MedicineStockInformationController [(null)] - Medicine Stock Retrived
2020-12-18 11:17:22,646 [15] INFO  MedicineStockModule.Providers.MedicineStockProvider [(null)] - Medicine Stock requested
2020-12-18 11:17:22,648 [15] INFO  MedicineStockModule.Providers.MedicineStockProvider [(null)] - Medicine Stock Retrived
2020-12-18 11:17:22,651 [15] INFO  MedicineStockModule.Controllers.MedicineStockInformationController [(null)] - Medicine Stock Retrived
2020-12-18 11:45:25,545 [1] INFO  Microsoft.Hosting.Lifetime [(null)] - Application started. Press Ctrl+C to shut down.
2020-12-18 11:45:25,930 [1] INFO  Microsoft.Hosting.Lifetime [(null)] - Hosting environment: Development
2020-12-18 11:45:25,984 [1] INFO  Microsoft.Hosting.Lifetime [(null)] - Content root path: C:\Users\wasim\OneDrive\Desktop\MFPE Local\PharmacyMedicineSupplyManagement-1\MedicineStockModule
2020-12-18 11:45:26,347 [9] INFO  MedicineStockModule.Providers.MedicineStockProvider [(null)] - Medicine Stock requested
2020-12-18 11:45:26,390 [9] INFO  MedicineStockModule.Providers.MedicineStockProvider [(null)] - Medicine Stock Retrived
2020-12-18 11:45:26,401 [9] INFO  MedicineStockModule.Controllers.MedicineStockInformationController [(null)] - Medicine Stock Retrived
2020-12-18 11:47:41,209 [5] INFO  MedicineStockModule.Providers.MedicineStockProvider [(null)] - Medicine Stock requested
2020-12-18 11:47:41,210 [5] INFO  MedicineStockModule.Providers.MedicineStockProvider [(null)] - Medicine Stock Retrived
2020-12-18 11:47:41,212 [5] INFO  MedicineStockModule.Controllers.MedicineStockInformationController [(null)] - Medicine Stock Retrived
2020-12-18 11:47:54,816 [13] INFO  MedicineStockModule.Providers.MedicineStockProvider [(null)] - Medicine Stock requested
2020-12-18 11:47:54,817 [13] INFO  MedicineStockModule.Providers.MedicineStockProvider [(null)] - Medicine Stock Retrived
2020-12-18 11:47:54,818 [13] INFO  MedicineStockModule.Controllers.MedicineStockInformationController [(null)] - Medicine Stock Retrived
2020-12-18 11:48:03,105 [4] INFO  MedicineStockModule.Providers.MedicineStockProvider [(null)] - Medicine Stock requested
2020-12-18 11:48:03,106 [4] INFO  MedicineStockModule.Providers.MedicineStockProvider [(null)] - Medicine Stock Retrived
2020-12-18 11:48:03,107 [4] INFO  MedicineStockModule.Controllers.MedicineStockInformationController [(null)] - Medicine Stock Retrived
2020-12-18 11:48:32,595 [4] INFO  MedicineStockModule.Providers.MedicineStockProvider [(null)] - Medicine Stock requested
2020-12-18 11:48:32,598 [4] INFO  MedicineStockModule.Providers.MedicineStockProvider [(null)] - Medicine Stock Retrived
2020-12-18 11:48:32,602 [4] INFO  MedicineStockModule.Controllers.MedicineStockInformationController [(null)] - Medicine Stock Retrived
2020-12-18 11:49:54,974 [1] INFO  Microsoft.Hosting.Lifetime [(null)] - Application started. Press Ctrl+C to shut down.
2020-12-18 11:49:55,296 [1] INFO  Microsoft.Hosting.Lifetime [(null)] - Hosting environment: Development
2020-12-18 11:49:55,304 [1] INFO  Microsoft.Hosting.Lifetime [(null)] - Content root path: C:\Users\wasim\OneDrive\Desktop\MFPE Local\PharmacyMedicineSupplyManagement-1\MedicineStockModule
2020-12-18 11:49:55,666 [5] INFO  MedicineStockModule.Providers.MedicineStockProvider [(null)] - Medicine Stock requested
2020-12-18 11:49:55,683 [5] INFO  MedicineStockModule.Providers.MedicineStockProvider [(null)] - Medicine Stock Retrived
2020-12-18 11:49:55,690 [5] INFO  MedicineStockModule.Controllers.MedicineStockInformationController [(null)] - Medicine Stock Retrived
2020-12-18 11:50:11,036 [4] INFO  MedicineStockModule.Providers.MedicineStockProvider [(null)] - Medicine Stock requested
2020-12-18 11:50:11,041 [4] INFO  MedicineStockModule.Providers.MedicineStockProvider [(null)] - Medicine Stock Retrived
2020-12-18 11:50:11,043 [4] INFO  MedicineStockModule.Controllers.MedicineStockInformationController [(null)] - Medicine Stock Retrived
