INFO  09:11:06 Application started. Press Ctrl+C to shut down.
INFO  09:11:06 Application started. Press Ctrl+C to shut down.
INFO  09:11:06 Hosting environment: Development
INFO  09:11:06 Hosting environment: Development
INFO  09:11:06 Content root path: C:\Users\wasim\OneDrive\Desktop\MFPE Local\PharmacyMedicineSupplyManagement-1\AuthService
INFO  09:11:06 Content root path: C:\Users\wasim\OneDrive\Desktop\MFPE Local\PharmacyMedicineSupplyManagement-1\AuthService
INFO  09:11:32 Credentials of user : 'John' Received
INFO  09:11:33 User : 'John' is valid and token returned
INFO  09:13:26 Credentials of user : 'John' Received
INFO  09:13:26 User : 'John' is valid and token returned
INFO  09:16:29 Application started. Press Ctrl+C to shut down.
INFO  09:16:29 Application started. Press Ctrl+C to shut down.
INFO  09:16:29 Hosting environment: Development
INFO  09:16:29 Hosting environment: Development
INFO  09:16:29 Content root path: C:\Users\wasim\OneDrive\Desktop\MFPE Local\PharmacyMedicineSupplyManagement-1\AuthService
INFO  09:16:29 Content root path: C:\Users\wasim\OneDrive\Desktop\MFPE Local\PharmacyMedicineSupplyManagement-1\AuthService
INFO  09:16:41 Credentials of user : 'John' Received
INFO  09:16:42 User : 'John' is valid and token returned
INFO  09:19:50 Application started. Press Ctrl+C to shut down.
INFO  09:19:50 Application started. Press Ctrl+C to shut down.
INFO  09:19:50 Hosting environment: Development
INFO  09:19:50 Hosting environment: Development
INFO  09:19:50 Content root path: C:\Users\wasim\OneDrive\Desktop\MFPE Local\PharmacyMedicineSupplyManagement-1\AuthService
INFO  09:19:50 Content root path: C:\Users\wasim\OneDrive\Desktop\MFPE Local\PharmacyMedicineSupplyManagement-1\AuthService
INFO  09:20:00 Credentials of user : 'John' Received
INFO  09:20:00 User : 'John' is valid and token returned
INFO  12:30:23 Application started. Press Ctrl+C to shut down.
INFO  12:30:23 Application started. Press Ctrl+C to shut down.
INFO  12:30:23 Hosting environment: Development
INFO  12:30:23 Hosting environment: Development
INFO  12:30:23 Content root path: C:\Users\wasim\OneDrive\Desktop\MFPE Local\PharmacyMedicineSupplyManagement-1\AuthService
INFO  12:30:23 Content root path: C:\Users\wasim\OneDrive\Desktop\MFPE Local\PharmacyMedicineSupplyManagement-1\AuthService
INFO  12:31:12 Credentials of user : 'John' Received
INFO  12:31:12 User : 'John' is valid and token returned
INFO  12:32:08 Credentials of user : 'John' Received
INFO  12:32:08 User : 'John' is valid and token returned
INFO  12:32:50 Credentials of user : 'John' Received
INFO  12:32:50 User : 'John' is valid and token returned
INFO  12:38:54 Application started. Press Ctrl+C to shut down.
INFO  12:38:54 Application started. Press Ctrl+C to shut down.
INFO  12:38:54 Hosting environment: Development
INFO  12:38:54 Hosting environment: Development
INFO  12:38:54 Content root path: C:\Users\wasim\OneDrive\Desktop\MFPE Local\PharmacyMedicineSupplyManagement-1\AuthService
INFO  12:38:54 Content root path: C:\Users\wasim\OneDrive\Desktop\MFPE Local\PharmacyMedicineSupplyManagement-1\AuthService
INFO  12:39:26 Credentials of user : 'John' Received
INFO  12:39:26 User : 'John' is valid and token returned
INFO  12:47:56 Credentials of user : 'John' Received
INFO  12:47:56 User : 'John' is valid and token returned
INFO  12:49:09 Credentials of user : 'John' Received
INFO  12:49:09 User : 'John' is valid and token returned
INFO  12:51:45 Credentials of user : 'John' Received
INFO  12:51:45 User : 'John' is valid and token returned
INFO  12:52:38 Credentials of user : 'John' Received
INFO  12:52:38 User : 'John' is valid and token returned
INFO  12:54:35 Credentials of user : 'John' Received
INFO  12:54:35 User : 'John' is valid and token returned
INFO  01:20:59 Application started. Press Ctrl+C to shut down.
INFO  01:20:59 Application started. Press Ctrl+C to shut down.
INFO  01:20:59 Hosting environment: Development
INFO  01:20:59 Hosting environment: Development
INFO  01:20:59 Content root path: C:\Users\wasim\OneDrive\Desktop\MFPE Local\PharmacyMedicineSupplyManagement-1\AuthService
INFO  01:20:59 Content root path: C:\Users\wasim\OneDrive\Desktop\MFPE Local\PharmacyMedicineSupplyManagement-1\AuthService
INFO  01:21:07 Credentials of user : 'John' Received
INFO  01:21:07 User : 'John' is valid and token returned
INFO  01:24:31 Credentials of user : 'John' Received
INFO  01:24:31 User : 'John' is valid and token returned
INFO  01:25:06 Credentials of user : 'John' Received
INFO  01:25:06 User : 'John' is valid and token returned
INFO  01:30:52 Application started. Press Ctrl+C to shut down.
INFO  01:30:52 Application started. Press Ctrl+C to shut down.
INFO  01:30:52 Hosting environment: Development
INFO  01:30:52 Hosting environment: Development
INFO  01:30:52 Content root path: C:\Users\wasim\OneDrive\Desktop\MFPE Local\PharmacyMedicineSupplyManagement-1\AuthService
INFO  01:30:52 Content root path: C:\Users\wasim\OneDrive\Desktop\MFPE Local\PharmacyMedicineSupplyManagement-1\AuthService
INFO  01:31:08 Credentials of user : 'John' Received
INFO  01:31:08 User : 'John' is valid and token returned
INFO  02:01:34 Application started. Press Ctrl+C to shut down.
INFO  02:01:34 Application started. Press Ctrl+C to shut down.
INFO  02:01:34 Hosting environment: Development
INFO  02:01:34 Hosting environment: Development
INFO  02:01:34 Content root path: C:\Users\wasim\OneDrive\Desktop\MFPE Local\PharmacyMedicineSupplyManagement-1\AuthService
INFO  02:01:34 Content root path: C:\Users\wasim\OneDrive\Desktop\MFPE Local\PharmacyMedicineSupplyManagement-1\AuthService
INFO  02:01:45 Credentials of user : 'John' Received
INFO  02:01:45 User : 'John' is valid and token returned
INFO  02:13:02 Application started. Press Ctrl+C to shut down.
INFO  02:13:02 Application started. Press Ctrl+C to shut down.
INFO  02:13:02 Hosting environment: Development
INFO  02:13:02 Hosting environment: Development
INFO  02:13:02 Content root path: C:\Users\wasim\OneDrive\Desktop\MFPE Local\PharmacyMedicineSupplyManagement-1\AuthService
INFO  02:13:02 Content root path: C:\Users\wasim\OneDrive\Desktop\MFPE Local\PharmacyMedicineSupplyManagement-1\AuthService
INFO  02:13:12 Credentials of user : 'John' Received
INFO  02:13:12 User : 'John' is valid and token returned
INFO  02:20:22 Credentials of user : 'John' Received
INFO  02:20:22 User : 'John' is valid and token returned
INFO  02:31:50 Credentials of user : 'John' Received
INFO  02:31:50 User : 'John' is valid and token returned
INFO  02:32:30 Credentials of user : 'John' Received
INFO  02:32:30 User : 'John' is valid and token returned
INFO  02:32:40 Credentials of user : 'John' Received
INFO  02:32:40 User : 'John' is valid and token returned
INFO  09:20:23 Application started. Press Ctrl+C to shut down.
INFO  09:20:23 Application started. Press Ctrl+C to shut down.
INFO  09:20:23 Hosting environment: Development
INFO  09:20:23 Hosting environment: Development
INFO  09:20:23 Content root path: C:\Users\wasim\OneDrive\Desktop\MFPE Local\PharmacyMedicineSupplyManagement-1\AuthService
INFO  09:20:23 Content root path: C:\Users\wasim\OneDrive\Desktop\MFPE Local\PharmacyMedicineSupplyManagement-1\AuthService
INFO  09:20:44 Credentials of user : 'John' Received
INFO  09:20:44 User : 'John' is valid and token returned
INFO  09:24:42 Application started. Press Ctrl+C to shut down.
INFO  09:24:42 Application started. Press Ctrl+C to shut down.
INFO  09:24:42 Hosting environment: Development
INFO  09:24:42 Hosting environment: Development
INFO  09:24:42 Content root path: C:\Users\wasim\OneDrive\Desktop\MFPE Local\PharmacyMedicineSupplyManagement-1\AuthService
INFO  09:24:42 Content root path: C:\Users\wasim\OneDrive\Desktop\MFPE Local\PharmacyMedicineSupplyManagement-1\AuthService
INFO  09:24:52 Credentials of user : 'John' Received
INFO  09:24:52 User : 'John' is valid and token returned
INFO  09:28:11 Credentials of user : 'John' Received
INFO  09:28:11 User : 'John' is valid and token returned
INFO  09:34:35 Application started. Press Ctrl+C to shut down.
INFO  09:34:35 Application started. Press Ctrl+C to shut down.
INFO  09:34:35 Hosting environment: Development
INFO  09:34:35 Hosting environment: Development
INFO  09:34:35 Content root path: C:\Users\wasim\OneDrive\Desktop\MFPE Local\PharmacyMedicineSupplyManagement-1\AuthService
INFO  09:34:35 Content root path: C:\Users\wasim\OneDrive\Desktop\MFPE Local\PharmacyMedicineSupplyManagement-1\AuthService
INFO  09:35:37 Credentials of user : 'John' Received
INFO  09:35:37 User : 'John' is valid and token returned
INFO  09:40:08 Credentials of user : 'John' Received
INFO  09:40:09 User : 'John' is valid and token returned
INFO  09:44:23 Application started. Press Ctrl+C to shut down.
INFO  09:44:23 Application started. Press Ctrl+C to shut down.
INFO  09:44:23 Hosting environment: Development
INFO  09:44:23 Hosting environment: Development
INFO  09:44:23 Content root path: C:\Users\wasim\OneDrive\Desktop\MFPE Local\PharmacyMedicineSupplyManagement-1\AuthService
INFO  09:44:23 Content root path: C:\Users\wasim\OneDrive\Desktop\MFPE Local\PharmacyMedicineSupplyManagement-1\AuthService
INFO  09:44:32 Credentials of user : 'John' Received
INFO  09:44:33 User : 'John' is valid and token returned
INFO  09:45:40 Credentials of user : 'John' Received
INFO  09:45:40 User : 'John' is valid and token returned
INFO  09:55:17 Application started. Press Ctrl+C to shut down.
INFO  09:55:17 Application started. Press Ctrl+C to shut down.
INFO  09:55:17 Hosting environment: Development
INFO  09:55:17 Hosting environment: Development
INFO  09:55:17 Content root path: C:\Users\wasim\OneDrive\Desktop\MFPE Local\PharmacyMedicineSupplyManagement-1\AuthService
INFO  09:55:17 Content root path: C:\Users\wasim\OneDrive\Desktop\MFPE Local\PharmacyMedicineSupplyManagement-1\AuthService
INFO  09:55:27 Credentials of user : 'John' Received
INFO  09:55:27 User : 'John' is valid and token returned
INFO  09:56:45 Application started. Press Ctrl+C to shut down.
INFO  09:56:45 Application started. Press Ctrl+C to shut down.
INFO  09:56:45 Hosting environment: Development
INFO  09:56:45 Hosting environment: Development
INFO  09:56:45 Content root path: C:\Users\wasim\OneDrive\Desktop\MFPE Local\PharmacyMedicineSupplyManagement-1\AuthService
INFO  09:56:45 Content root path: C:\Users\wasim\OneDrive\Desktop\MFPE Local\PharmacyMedicineSupplyManagement-1\AuthService
INFO  09:59:09 Credentials of user : 'John' Received
INFO  09:59:09 User : 'John' is valid and token returned
INFO  10:00:56 Application started. Press Ctrl+C to shut down.
INFO  10:00:56 Application started. Press Ctrl+C to shut down.
INFO  10:00:56 Hosting environment: Development
INFO  10:00:56 Hosting environment: Development
INFO  10:00:57 Content root path: C:\Users\wasim\OneDrive\Desktop\MFPE Local\PharmacyMedicineSupplyManagement-1\AuthService
INFO  10:00:57 Content root path: C:\Users\wasim\OneDrive\Desktop\MFPE Local\PharmacyMedicineSupplyManagement-1\AuthService
INFO  10:01:05 Credentials of user : 'John' Received
INFO  10:01:05 User : 'John' is valid and token returned
INFO  10:03:33 Application started. Press Ctrl+C to shut down.
INFO  10:03:33 Application started. Press Ctrl+C to shut down.
INFO  10:03:33 Hosting environment: Development
INFO  10:03:33 Hosting environment: Development
INFO  10:03:33 Content root path: C:\Users\wasim\OneDrive\Desktop\MFPE Local\PharmacyMedicineSupplyManagement-1\AuthService
INFO  10:03:33 Content root path: C:\Users\wasim\OneDrive\Desktop\MFPE Local\PharmacyMedicineSupplyManagement-1\AuthService
INFO  10:03:41 Credentials of user : 'John' Received
INFO  10:03:41 User : 'John' is valid and token returned
INFO  10:09:23 Application started. Press Ctrl+C to shut down.
INFO  10:09:23 Application started. Press Ctrl+C to shut down.
INFO  10:09:23 Hosting environment: Development
INFO  10:09:23 Hosting environment: Development
INFO  10:09:23 Content root path: C:\Users\wasim\OneDrive\Desktop\MFPE Local\PharmacyMedicineSupplyManagement-1\AuthService
INFO  10:09:23 Content root path: C:\Users\wasim\OneDrive\Desktop\MFPE Local\PharmacyMedicineSupplyManagement-1\AuthService
INFO  10:10:07 Credentials of user : 'John' Received
INFO  10:10:07 User : 'John' not found
INFO  10:10:40 Credentials of user : 'John' Received
INFO  10:10:41 User : 'John' is valid and token returned
INFO  10:32:07 Application started. Press Ctrl+C to shut down.
INFO  10:32:07 Application started. Press Ctrl+C to shut down.
INFO  10:32:07 Hosting environment: Development
INFO  10:32:07 Hosting environment: Development
INFO  10:32:07 Content root path: C:\Users\wasim\OneDrive\Desktop\MFPE Local\PharmacyMedicineSupplyManagement-1\AuthService
INFO  10:32:07 Content root path: C:\Users\wasim\OneDrive\Desktop\MFPE Local\PharmacyMedicineSupplyManagement-1\AuthService
INFO  10:32:57 Credentials of user : 'John' Received
INFO  10:32:58 User : 'John' is valid and token returned
INFO  11:14:46 Application started. Press Ctrl+C to shut down.
INFO  11:14:46 Application started. Press Ctrl+C to shut down.
INFO  11:14:46 Hosting environment: Development
INFO  11:14:46 Hosting environment: Development
INFO  11:14:46 Content root path: C:\Users\wasim\OneDrive\Desktop\MFPE Local\PharmacyMedicineSupplyManagement-1\AuthService
INFO  11:14:46 Content root path: C:\Users\wasim\OneDrive\Desktop\MFPE Local\PharmacyMedicineSupplyManagement-1\AuthService
INFO  11:15:04 Credentials of user : 'John' Received
INFO  11:15:05 User : 'John' is valid and token returned
INFO  11:45:25 Application started. Press Ctrl+C to shut down.
INFO  11:45:25 Application started. Press Ctrl+C to shut down.
INFO  11:45:25 Hosting environment: Development
INFO  11:45:25 Hosting environment: Development
INFO  11:45:25 Content root path: C:\Users\wasim\OneDrive\Desktop\MFPE Local\PharmacyMedicineSupplyManagement-1\AuthService
INFO  11:45:25 Content root path: C:\Users\wasim\OneDrive\Desktop\MFPE Local\PharmacyMedicineSupplyManagement-1\AuthService
INFO  11:47:36 Credentials of user : 'John' Received
INFO  11:47:36 User : 'John' is valid and token returned
INFO  11:49:55 Application started. Press Ctrl+C to shut down.
INFO  11:49:55 Application started. Press Ctrl+C to shut down.
INFO  11:49:55 Hosting environment: Development
INFO  11:49:55 Hosting environment: Development
INFO  11:49:55 Content root path: C:\Users\wasim\OneDrive\Desktop\MFPE Local\PharmacyMedicineSupplyManagement-1\AuthService
INFO  11:49:55 Content root path: C:\Users\wasim\OneDrive\Desktop\MFPE Local\PharmacyMedicineSupplyManagement-1\AuthService
INFO  11:50:07 Credentials of user : 'John' Received
INFO  11:50:07 User : 'John' is valid and token returned
